
Showing logs for build [32mcb-kubecd-environment-pr-191-18-q68bt-1[0m stage [32mfrom-build-pack[0m and container [32mstep-credential-initializer-7lvn6[0m
{"level":"warn","ts":1585600814.373209,"logger":"fallback-logger","caller":"logging/config.go:69","msg":"Fetch GitHub commit ID from kodata failed: \"ref: refs/heads/0.8.0-**-support-backwards-incompats\" is not a valid GitHub commit ID"}
{"level":"info","ts":1585600814.3738976,"logger":"fallback-logger","caller":"creds-init/main.go:40","msg":"Credentials initialized."}

Showing logs for build [32mcb-kubecd-environment-pr-191-18-q68bt-1[0m stage [32mfrom-build-pack[0m and container [32mstep-working-dir-initializer-5plpx[0m
{"level":"warn","ts":1585600815.8441057,"logger":"fallback-logger","caller":"logging/config.go:69","msg":"Fetch GitHub commit ID from kodata failed: open /var/run/ko/HEAD: no such file or directory"}
{"level":"info","ts":1585600815.8456645,"logger":"fallback-logger","caller":"bash/main.go:64","msg":"Successfully executed command \"sh -c mkdir -p /workspace/source\"; output "}

Showing logs for build [32mcb-kubecd-environment-pr-191-18-q68bt-1[0m stage [32mfrom-build-pack[0m and container [32mstep-place-tools[0m

Showing logs for build [32mcb-kubecd-environment-pr-191-18-q68bt-1[0m stage [32mfrom-build-pack[0m and container [32mstep-git-source-cb-kubecd-environment-pr-191-18-q68bt-swx8w[0m
{"level":"warn","ts":1585600819.941456,"logger":"fallback-logger","caller":"logging/config.go:69","msg":"Fetch GitHub commit ID from kodata failed: \"ref: refs/heads/0.8.0-**-support-backwards-incompats\" is not a valid GitHub commit ID"}
{"level":"info","ts":1585600821.0777242,"logger":"fallback-logger","caller":"git/git.go:103","msg":"Successfully cloned https://github.com/cb-kubecd/environment-pr-191-181-boot-gke-production.git @ master in path /workspace/source"}

Showing logs for build [32mcb-kubecd-environment-pr-191-18-q68bt-1[0m stage [32mfrom-build-pack[0m and container [32mstep-git-merge[0m
Using SHAs from PULL_REFS=master:b43169874f06cc20d6522c412d6b70e7f4c32650,1:5ec8be55d0334d458fc0d4f84198c1e16a9c86e3
DEBUG: LC_ALL=C JX_LOG_LEVEL=error git fetch origin --unshallow 5ec8be55d0334d458fc0d4f84198c1e16a9c86e3: b43169874f06cc20d6522c412d6b70e7f4c32650:
DEBUG: ran git fetch --unshallow origin 5ec8be55d0334d458fc0d4f84198c1e16a9c86e3: b43169874f06cc20d6522c412d6b70e7f4c32650: in 
DEBUG: JX_LOG_LEVEL=error LC_ALL=C git branch
DEBUG: LC_ALL=C JX_LOG_LEVEL=error git checkout master
DEBUG: ran git checkout master in 
DEBUG: JX_LOG_LEVEL=error LC_ALL=C git reset --hard b43169874f06cc20d6522c412d6b70e7f4c32650
DEBUG: ran git reset --hard b43169874f06cc20d6522c412d6b70e7f4c32650 in 
DEBUG: LC_ALL=C JX_LOG_LEVEL=error git clean -fd .
DEBUG: ran clean --force -d . in 
DEBUG: LC_ALL=C JX_LOG_LEVEL=error git merge 5ec8be55d0334d458fc0d4f84198c1e16a9c86e3
DEBUG: ran git merge 5ec8be55d0334d458fc0d4f84198c1e16a9c86e3 in 
DEBUG: LC_ALL=C JX_LOG_LEVEL=error git log --format=%H%x1f%an%x1f%ae%x1f%cn%x1f%ce%x1f%s%n%b%x1e b43169874f06cc20d6522c412d6b70e7f4c32650..HEAD
Merged SHA 5ec8be55d0334d458fc0d4f84198c1e16a9c86e3 with commit message 'chore: Promote bdd-spring-1585599918 to version 0.0.1' into base branch master

Showing logs for build [32mcb-kubecd-environment-pr-191-18-q68bt-1[0m stage [32mfrom-build-pack[0m and container [32mstep-build-helm-build[0m
WARNING: No $CHART_REPOSITORY defined so using the default value of: http://jenkins-x-chartmuseum:8080
Adding missing Helm repo: storage.googleapis.com https://storage.googleapis.com/chartmuseum.jenkins-x.io
WARNING: No secrets found on "helm/repos" due: reading the secret "helm/repos" from vault: no secret "helm/repos" not found in vault
Read credentials for https://storage.googleapis.com/chartmuseum.jenkins-x.io from vault helm/repos
Successfully added Helm repository storage.googleapis.com.
Adding missing Helm repo: jenkins-x-chartmuseum http://jenkins-x-chartmuseum:8080
WARNING: No secrets found on "helm/repos" due: reading the secret "helm/repos" from vault: no secret "helm/repos" not found in vault
Read credentials for http://jenkins-x-chartmuseum:8080 from vault helm/repos
Successfully added Helm repository jenkins-x-chartmuseum.
WARNING: No $CHART_REPOSITORY defined so using the default value of: http://jenkins-x-chartmuseum:8080
Adding missing Helm repo: chartmuseum.jenkins-x.io http://chartmuseum.jenkins-x.io
WARNING: No secrets found on "helm/repos" due: reading the secret "helm/repos" from vault: no secret "helm/repos" not found in vault
Read credentials for http://chartmuseum.jenkins-x.io from vault helm/repos
Successfully added Helm repository chartmuseum.jenkins-x.io.
